2019-01-17 15:41:27,161 - INFO - 数据迁移程序启动中...
2019-01-17 15:41:41,898 - INFO - 数据迁移程序已启动
2019-01-17 15:41:41,898 - INFO - 开始执行迁移任务
2019-01-17 15:41:59,017 - INFO - 老铁，迁移任务正在执行，请耐心等待
2019-01-17 15:43:42,476 - INFO - 开始处理数据，目标数据:begintime[2017-01-01] endtime[2018-01-01]
2019-01-17 15:43:44,295 - INFO - 本次任务需要处理的班级数据有431个，目标数据:begintime[2017-01-01] endtime[2018-01-01]
2019-01-17 15:43:44,295 - INFO - 处理班级-4148数据，目标数据:begintime[2017-01-01] endtime[2018-01-01]
2019-01-17 15:43:58,414 - INFO - 开始处理班级数据，目标数据:classid-4148 begintime-2017-01-01 endtime-2018-01-01
2019-01-17 15:43:59,851 - INFO - 开始初始化数据，目标数据:classid-4148 begintime-2017-01-01 endtime-2018-01-01
2019-01-17 15:44:01,482 - INFO - 初始化数据完成，目标数据:classid-4148 begintime-2017-01-01 endtime-2018-01-01
2019-01-17 15:46:14,667 - INFO - 该班级已被删除或已无用户，处理结束，目标数据:classid-4148 begintime-2017-01-01 endtime-2018-01-01
2019-01-17 15:46:14,667 - INFO - 班级-4148数据处理结束，目标数据:begintime[2017-01-01] endtime[2018-01-01]
2019-01-17 15:46:14,667 - INFO - 处理班级-6463数据，目标数据:begintime[2017-01-01] endtime[2018-01-01]
2019-01-17 15:46:20,417 - INFO - 开始处理班级数据，目标数据:classid-6463 begintime-2017-01-01 endtime-2018-01-01
2019-01-17 15:46:20,417 - INFO - 开始初始化数据，目标数据:classid-6463 begintime-2017-01-01 endtime-2018-01-01
2019-01-17 15:46:21,403 - INFO - 初始化数据完成，目标数据:classid-6463 begintime-2017-01-01 endtime-2018-01-01
2019-01-17 15:46:41,250 - INFO - 该班级已被删除或已无用户，处理结束，目标数据:classid-6463 begintime-2017-01-01 endtime-2018-01-01
2019-01-17 15:46:41,250 - INFO - 班级-6463数据处理结束，目标数据:begintime[2017-01-01] endtime[2018-01-01]
2019-01-17 15:46:41,250 - INFO - 处理班级-6697数据，目标数据:begintime[2017-01-01] endtime[2018-01-01]
2019-01-17 15:46:41,259 - INFO - 开始处理班级数据，目标数据:classid-6697 begintime-2017-01-01 endtime-2018-01-01
2019-01-17 15:46:41,259 - INFO - 开始初始化数据，目标数据:classid-6697 begintime-2017-01-01 endtime-2018-01-01
2019-01-17 15:52:08,362 - INFO - 初始化数据完成，目标数据:classid-6697 begintime-2017-01-01 endtime-2018-01-01
2019-01-17 15:52:10,025 - INFO - 该班级已被删除或已无用户，处理结束，目标数据:classid-6697 begintime-2017-01-01 endtime-2018-01-01
2019-01-17 15:52:10,025 - INFO - 班级-6697数据处理结束，目标数据:begintime[2017-01-01] endtime[2018-01-01]
2019-01-17 15:52:10,025 - INFO - 处理班级-6712数据，目标数据:begintime[2017-01-01] endtime[2018-01-01]
2019-01-17 15:52:10,032 - INFO - 开始处理班级数据，目标数据:classid-6712 begintime-2017-01-01 endtime-2018-01-01
2019-01-17 15:52:10,032 - INFO - 开始初始化数据，目标数据:classid-6712 begintime-2017-01-01 endtime-2018-01-01
2019-01-17 15:52:29,459 - INFO - 初始化数据完成，目标数据:classid-6712 begintime-2017-01-01 endtime-2018-01-01
2019-01-17 15:52:32,111 - INFO - 该班级已被删除或已无用户，处理结束，目标数据:classid-6712 begintime-2017-01-01 endtime-2018-01-01
2019-01-17 15:52:32,111 - INFO - 班级-6712数据处理结束，目标数据:begintime[2017-01-01] endtime[2018-01-01]
2019-01-17 15:52:32,111 - INFO - 处理班级-6719数据，目标数据:begintime[2017-01-01] endtime[2018-01-01]
2019-01-17 15:52:32,119 - INFO - 开始处理班级数据，目标数据:classid-6719 begintime-2017-01-01 endtime-2018-01-01
2019-01-17 15:52:32,119 - INFO - 开始初始化数据，目标数据:classid-6719 begintime-2017-01-01 endtime-2018-01-01
2019-01-17 15:52:39,431 - INFO - 初始化数据完成，目标数据:classid-6719 begintime-2017-01-01 endtime-2018-01-01
2019-01-17 15:53:15,698 - INFO - 该班级已被删除或已无用户，处理结束，目标数据:classid-6719 begintime-2017-01-01 endtime-2018-01-01
2019-01-17 15:53:15,698 - INFO - 班级-6719数据处理结束，目标数据:begintime[2017-01-01] endtime[2018-01-01]
2019-01-17 15:53:15,698 - INFO - 处理班级-6720数据，目标数据:begintime[2017-01-01] endtime[2018-01-01]
2019-01-17 15:53:15,706 - INFO - 开始处理班级数据，目标数据:classid-6720 begintime-2017-01-01 endtime-2018-01-01
2019-01-17 15:53:15,707 - INFO - 开始初始化数据，目标数据:classid-6720 begintime-2017-01-01 endtime-2018-01-01
2019-01-17 15:53:16,163 - INFO - 初始化数据完成，目标数据:classid-6720 begintime-2017-01-01 endtime-2018-01-01
2019-01-17 15:53:22,663 - INFO - 该班级已被删除或已无用户，处理结束，目标数据:classid-6720 begintime-2017-01-01 endtime-2018-01-01
2019-01-17 15:53:22,663 - INFO - 班级-6720数据处理结束，目标数据:begintime[2017-01-01] endtime[2018-01-01]
2019-01-17 15:53:22,663 - INFO - 处理班级-6721数据，目标数据:begintime[2017-01-01] endtime[2018-01-01]
2019-01-17 15:53:22,668 - INFO - 开始处理班级数据，目标数据:classid-6721 begintime-2017-01-01 endtime-2018-01-01
2019-01-17 15:53:22,668 - INFO - 开始初始化数据，目标数据:classid-6721 begintime-2017-01-01 endtime-2018-01-01
2019-01-17 15:53:23,137 - INFO - 初始化数据完成，目标数据:classid-6721 begintime-2017-01-01 endtime-2018-01-01
2019-01-17 15:53:23,137 - INFO - 该班级已被删除或已无用户，处理结束，目标数据:classid-6721 begintime-2017-01-01 endtime-2018-01-01
2019-01-17 15:53:23,137 - INFO - 班级-6721数据处理结束，目标数据:begintime[2017-01-01] endtime[2018-01-01]
2019-01-17 15:53:23,137 - INFO - 处理班级-6770数据，目标数据:begintime[2017-01-01] endtime[2018-01-01]
2019-01-17 15:53:23,142 - INFO - 开始处理班级数据，目标数据:classid-6770 begintime-2017-01-01 endtime-2018-01-01
2019-01-17 15:53:23,142 - INFO - 开始初始化数据，目标数据:classid-6770 begintime-2017-01-01 endtime-2018-01-01
2019-01-17 15:53:23,595 - INFO - 初始化数据完成，目标数据:classid-6770 begintime-2017-01-01 endtime-2018-01-01
2019-01-17 15:53:23,595 - INFO - 该班级已被删除或已无用户，处理结束，目标数据:classid-6770 begintime-2017-01-01 endtime-2018-01-01
2019-01-17 15:53:23,595 - INFO - 班级-6770数据处理结束，目标数据:begintime[2017-01-01] endtime[2018-01-01]
2019-01-17 15:53:23,595 - INFO - 处理班级-6788数据，目标数据:begintime[2017-01-01] endtime[2018-01-01]
2019-01-17 15:53:23,604 - INFO - 开始处理班级数据，目标数据:classid-6788 begintime-2017-01-01 endtime-2018-01-01
2019-01-17 15:53:23,604 - INFO - 开始初始化数据，目标数据:classid-6788 begintime-2017-01-01 endtime-2018-01-01
2019-01-17 15:53:24,062 - INFO - 初始化数据完成，目标数据:classid-6788 begintime-2017-01-01 endtime-2018-01-01
2019-01-17 15:53:24,062 - INFO - 该班级已被删除或已无用户，处理结束，目标数据:classid-6788 begintime-2017-01-01 endtime-2018-01-01
2019-01-17 15:53:24,062 - INFO - 班级-6788数据处理结束，目标数据:begintime[2017-01-01] endtime[2018-01-01]
2019-01-17 15:53:24,063 - INFO - 处理班级-6804数据，目标数据:begintime[2017-01-01] endtime[2018-01-01]
2019-01-17 15:53:24,069 - INFO - 开始处理班级数据，目标数据:classid-6804 begintime-2017-01-01 endtime-2018-01-01
2019-01-17 15:53:24,069 - INFO - 开始初始化数据，目标数据:classid-6804 begintime-2017-01-01 endtime-2018-01-01
2019-01-17 15:53:24,753 - INFO - 初始化数据完成，目标数据:classid-6804 begintime-2017-01-01 endtime-2018-01-01
2019-01-17 15:53:40,938 - INFO - 该班级下有280条（28页）数据需要处理，目标数据:classid-6804 begintime-2017-01-01 endtime-2018-01-01
2019-01-17 15:53:44,209 - INFO - 开始处理第1页数据，目标数据:classid-6804 begintime-2017-01-01 endtime-2018-01-01
2019-01-17 15:55:46,654 - INFO - 数据迁移程序启动中...
2019-01-17 15:55:53,586 - INFO - 数据迁移程序已启动
2019-01-17 15:55:53,586 - INFO - 开始执行迁移任务
2019-01-17 15:57:03,026 - INFO - 老铁，迁移任务正在执行，请耐心等待
2019-01-17 15:57:05,948 - INFO - 开始处理数据，目标数据:begintime[2017-01-01] endtime[2018-01-01]
2019-01-17 15:57:06,674 - INFO - 本次任务需要处理的班级数据有431个，目标数据:begintime[2017-01-01] endtime[2018-01-01]
2019-01-17 15:57:06,676 - INFO - 处理班级-4148数据，目标数据:begintime[2017-01-01] endtime[2018-01-01]
2019-01-17 15:57:06,684 - INFO - 开始处理班级数据，目标数据:classid-4148 begintime-2017-01-01 endtime-2018-01-01
2019-01-17 15:57:06,684 - INFO - 开始初始化数据，目标数据:classid-4148 begintime-2017-01-01 endtime-2018-01-01
2019-01-17 15:57:08,453 - INFO - 初始化数据完成，目标数据:classid-4148 begintime-2017-01-01 endtime-2018-01-01
2019-01-17 15:57:08,454 - INFO - 该班级已被删除或已无用户，处理结束，目标数据:classid-4148 begintime-2017-01-01 endtime-2018-01-01
2019-01-17 15:57:08,454 - INFO - 班级-4148数据处理结束，目标数据:begintime[2017-01-01] endtime[2018-01-01]
2019-01-17 15:57:08,454 - INFO - 处理班级-6463数据，目标数据:begintime[2017-01-01] endtime[2018-01-01]
2019-01-17 15:57:08,461 - INFO - 开始处理班级数据，目标数据:classid-6463 begintime-2017-01-01 endtime-2018-01-01
2019-01-17 15:57:08,461 - INFO - 开始初始化数据，目标数据:classid-6463 begintime-2017-01-01 endtime-2018-01-01
2019-01-17 15:57:09,540 - INFO - 初始化数据完成，目标数据:classid-6463 begintime-2017-01-01 endtime-2018-01-01
2019-01-17 15:57:09,540 - INFO - 该班级已被删除或已无用户，处理结束，目标数据:classid-6463 begintime-2017-01-01 endtime-2018-01-01
2019-01-17 15:57:09,540 - INFO - 班级-6463数据处理结束，目标数据:begintime[2017-01-01] endtime[2018-01-01]
2019-01-17 15:57:09,540 - INFO - 处理班级-6697数据，目标数据:begintime[2017-01-01] endtime[2018-01-01]
2019-01-17 15:57:09,546 - INFO - 开始处理班级数据，目标数据:classid-6697 begintime-2017-01-01 endtime-2018-01-01
2019-01-17 15:57:09,548 - INFO - 开始初始化数据，目标数据:classid-6697 begintime-2017-01-01 endtime-2018-01-01
2019-01-17 15:57:10,470 - INFO - 初始化数据完成，目标数据:classid-6697 begintime-2017-01-01 endtime-2018-01-01
2019-01-17 15:57:10,470 - INFO - 该班级已被删除或已无用户，处理结束，目标数据:classid-6697 begintime-2017-01-01 endtime-2018-01-01
2019-01-17 15:57:10,470 - INFO - 班级-6697数据处理结束，目标数据:begintime[2017-01-01] endtime[2018-01-01]
2019-01-17 15:57:10,470 - INFO - 处理班级-6712数据，目标数据:begintime[2017-01-01] endtime[2018-01-01]
2019-01-17 15:57:10,476 - INFO - 开始处理班级数据，目标数据:classid-6712 begintime-2017-01-01 endtime-2018-01-01
2019-01-17 15:57:10,476 - INFO - 开始初始化数据，目标数据:classid-6712 begintime-2017-01-01 endtime-2018-01-01
2019-01-17 15:57:11,427 - INFO - 初始化数据完成，目标数据:classid-6712 begintime-2017-01-01 endtime-2018-01-01
2019-01-17 15:57:11,427 - INFO - 该班级已被删除或已无用户，处理结束，目标数据:classid-6712 begintime-2017-01-01 endtime-2018-01-01
2019-01-17 15:57:11,427 - INFO - 班级-6712数据处理结束，目标数据:begintime[2017-01-01] endtime[2018-01-01]
2019-01-17 15:57:11,427 - INFO - 处理班级-6719数据，目标数据:begintime[2017-01-01] endtime[2018-01-01]
2019-01-17 15:57:11,434 - INFO - 开始处理班级数据，目标数据:classid-6719 begintime-2017-01-01 endtime-2018-01-01
2019-01-17 15:57:11,434 - INFO - 开始初始化数据，目标数据:classid-6719 begintime-2017-01-01 endtime-2018-01-01
2019-01-17 15:57:12,369 - INFO - 初始化数据完成，目标数据:classid-6719 begintime-2017-01-01 endtime-2018-01-01
2019-01-17 15:57:12,369 - INFO - 该班级已被删除或已无用户，处理结束，目标数据:classid-6719 begintime-2017-01-01 endtime-2018-01-01
2019-01-17 15:57:12,369 - INFO - 班级-6719数据处理结束，目标数据:begintime[2017-01-01] endtime[2018-01-01]
2019-01-17 15:57:12,369 - INFO - 处理班级-6720数据，目标数据:begintime[2017-01-01] endtime[2018-01-01]
2019-01-17 15:57:12,377 - INFO - 开始处理班级数据，目标数据:classid-6720 begintime-2017-01-01 endtime-2018-01-01
2019-01-17 15:57:12,377 - INFO - 开始初始化数据，目标数据:classid-6720 begintime-2017-01-01 endtime-2018-01-01
2019-01-17 15:57:13,323 - INFO - 初始化数据完成，目标数据:classid-6720 begintime-2017-01-01 endtime-2018-01-01
2019-01-17 15:57:13,323 - INFO - 该班级已被删除或已无用户，处理结束，目标数据:classid-6720 begintime-2017-01-01 endtime-2018-01-01
2019-01-17 15:57:13,323 - INFO - 班级-6720数据处理结束，目标数据:begintime[2017-01-01] endtime[2018-01-01]
2019-01-17 15:57:13,323 - INFO - 处理班级-6721数据，目标数据:begintime[2017-01-01] endtime[2018-01-01]
2019-01-17 15:57:13,332 - INFO - 开始处理班级数据，目标数据:classid-6721 begintime-2017-01-01 endtime-2018-01-01
2019-01-17 15:57:13,332 - INFO - 开始初始化数据，目标数据:classid-6721 begintime-2017-01-01 endtime-2018-01-01
2019-01-17 15:57:14,249 - INFO - 初始化数据完成，目标数据:classid-6721 begintime-2017-01-01 endtime-2018-01-01
2019-01-17 15:57:14,249 - INFO - 该班级已被删除或已无用户，处理结束，目标数据:classid-6721 begintime-2017-01-01 endtime-2018-01-01
2019-01-17 15:57:14,249 - INFO - 班级-6721数据处理结束，目标数据:begintime[2017-01-01] endtime[2018-01-01]
2019-01-17 15:57:14,249 - INFO - 处理班级-6770数据，目标数据:begintime[2017-01-01] endtime[2018-01-01]
2019-01-17 15:57:14,256 - INFO - 开始处理班级数据，目标数据:classid-6770 begintime-2017-01-01 endtime-2018-01-01
2019-01-17 15:57:14,256 - INFO - 开始初始化数据，目标数据:classid-6770 begintime-2017-01-01 endtime-2018-01-01
2019-01-17 15:57:15,176 - INFO - 初始化数据完成，目标数据:classid-6770 begintime-2017-01-01 endtime-2018-01-01
2019-01-17 15:57:15,176 - INFO - 该班级已被删除或已无用户，处理结束，目标数据:classid-6770 begintime-2017-01-01 endtime-2018-01-01
2019-01-17 15:57:15,176 - INFO - 班级-6770数据处理结束，目标数据:begintime[2017-01-01] endtime[2018-01-01]
2019-01-17 15:57:15,176 - INFO - 处理班级-6788数据，目标数据:begintime[2017-01-01] endtime[2018-01-01]
2019-01-17 15:57:15,183 - INFO - 开始处理班级数据，目标数据:classid-6788 begintime-2017-01-01 endtime-2018-01-01
2019-01-17 15:57:15,183 - INFO - 开始初始化数据，目标数据:classid-6788 begintime-2017-01-01 endtime-2018-01-01
2019-01-17 15:57:16,122 - INFO - 初始化数据完成，目标数据:classid-6788 begintime-2017-01-01 endtime-2018-01-01
2019-01-17 15:57:16,122 - INFO - 该班级已被删除或已无用户，处理结束，目标数据:classid-6788 begintime-2017-01-01 endtime-2018-01-01
2019-01-17 15:57:16,122 - INFO - 班级-6788数据处理结束，目标数据:begintime[2017-01-01] endtime[2018-01-01]
2019-01-17 15:57:16,122 - INFO - 处理班级-6804数据，目标数据:begintime[2017-01-01] endtime[2018-01-01]
2019-01-17 15:57:16,131 - INFO - 开始处理班级数据，目标数据:classid-6804 begintime-2017-01-01 endtime-2018-01-01
2019-01-17 15:57:16,131 - INFO - 开始初始化数据，目标数据:classid-6804 begintime-2017-01-01 endtime-2018-01-01
2019-01-17 15:57:17,042 - INFO - 初始化数据完成，目标数据:classid-6804 begintime-2017-01-01 endtime-2018-01-01
2019-01-17 15:57:21,993 - INFO - 该班级下有235条（24页）数据需要处理，目标数据:classid-6804 begintime-2017-01-01 endtime-2018-01-01
2019-01-17 15:57:52,275 - INFO - 开始处理第1页数据，目标数据:classid-6804 begintime-2017-01-01 endtime-2018-01-01
2019-01-17 16:06:44,224 - INFO - 数据迁移程序启动中...
2019-01-17 16:06:55,997 - INFO - 数据迁移程序已启动
2019-01-17 16:06:55,997 - INFO - 开始执行迁移任务
2019-01-17 16:07:06,779 - INFO - 老铁，迁移任务正在执行，请耐心等待
2019-01-17 16:07:09,283 - INFO - 开始处理数据，目标数据:begintime[2017-01-01] endtime[2018-01-01]
2019-01-17 16:07:09,618 - INFO - 本次任务需要处理的班级数据有166个，目标数据:begintime[2017-01-01] endtime[2018-01-01]
2019-01-17 16:07:09,618 - INFO - 处理班级-1543数据，目标数据:begintime[2017-01-01] endtime[2018-01-01]
2019-01-17 16:07:09,624 - INFO - 开始处理班级数据，目标数据:classid-1543 begintime-2017-01-01 endtime-2018-01-01
2019-01-17 16:07:09,624 - INFO - 开始初始化数据，目标数据:classid-1543 begintime-2017-01-01 endtime-2018-01-01
2019-01-17 16:07:09,806 - INFO - 初始化数据完成，目标数据:classid-1543 begintime-2017-01-01 endtime-2018-01-01
2019-01-17 16:07:17,605 - INFO - 该班级下有7条（1页）数据需要处理，目标数据:classid-1543 begintime-2017-01-01 endtime-2018-01-01
2019-01-17 16:07:18,440 - INFO - 开始处理第1页数据，目标数据:classid-1543 begintime-2017-01-01 endtime-2018-01-01
2019-01-17 16:08:22,210 - INFO - 数据迁移程序启动中...
2019-01-17 16:08:27,157 - INFO - 数据迁移程序已启动
2019-01-17 16:08:27,157 - INFO - 开始执行迁移任务
2019-01-17 16:08:44,167 - INFO - 老铁，迁移任务正在执行，请耐心等待
2019-01-17 16:08:46,520 - INFO - 开始处理数据，目标数据:begintime[2017-01-01] endtime[2018-01-01]
2019-01-17 16:08:46,585 - INFO - 本次任务需要处理的班级数据有166个，目标数据:begintime[2017-01-01] endtime[2018-01-01]
2019-01-17 16:08:46,585 - INFO - 处理班级-1543数据，目标数据:begintime[2017-01-01] endtime[2018-01-01]
2019-01-17 16:08:46,589 - INFO - 开始处理班级数据，目标数据:classid-1543 begintime-2017-01-01 endtime-2018-01-01
2019-01-17 16:08:46,591 - INFO - 开始初始化数据，目标数据:classid-1543 begintime-2017-01-01 endtime-2018-01-01
2019-01-17 16:08:46,641 - INFO - 初始化数据完成，目标数据:classid-1543 begintime-2017-01-01 endtime-2018-01-01
2019-01-17 16:09:04,825 - INFO - 该班级下有7条（1页）数据需要处理，目标数据:classid-1543 begintime-2017-01-01 endtime-2018-01-01
2019-01-17 16:09:05,861 - INFO - 开始处理第1页数据，目标数据:classid-1543 begintime-2017-01-01 endtime-2018-01-01
2019-01-17 16:09:50,345 - INFO - 数据迁移程序启动中...
2019-01-17 16:09:57,857 - INFO - 数据迁移程序已启动
2019-01-17 16:09:57,857 - INFO - 开始执行迁移任务
2019-01-17 16:10:12,615 - INFO - 老铁，迁移任务正在执行，请耐心等待
2019-01-17 16:10:14,875 - INFO - 开始处理数据，目标数据:begintime[2017-01-01] endtime[2018-01-01]
2019-01-17 16:10:15,002 - INFO - 本次任务需要处理的班级数据有166个，目标数据:begintime[2017-01-01] endtime[2018-01-01]
2019-01-17 16:10:15,003 - INFO - 处理班级-1543数据，目标数据:begintime[2017-01-01] endtime[2018-01-01]
2019-01-17 16:10:15,013 - INFO - 开始处理班级数据，目标数据:classid-1543 begintime-2017-01-01 endtime-2018-01-01
2019-01-17 16:10:15,013 - INFO - 开始初始化数据，目标数据:classid-1543 begintime-2017-01-01 endtime-2018-01-01
2019-01-17 16:10:15,084 - INFO - 初始化数据完成，目标数据:classid-1543 begintime-2017-01-01 endtime-2018-01-01
2019-01-17 16:10:15,970 - INFO - 该班级下有7条（1页）数据需要处理，目标数据:classid-1543 begintime-2017-01-01 endtime-2018-01-01
2019-01-17 16:10:16,665 - INFO - 开始处理第1页数据，目标数据:classid-1543 begintime-2017-01-01 endtime-2018-01-01
2019-01-17 16:23:06,184 - INFO - 数据迁移程序启动中...
2019-01-17 16:23:09,993 - INFO - 数据迁移程序已启动
2019-01-17 16:23:09,993 - INFO - 开始执行迁移任务
2019-01-17 16:23:21,664 - INFO - 老铁，迁移任务正在执行，请耐心等待
2019-01-17 16:23:24,165 - INFO - 开始处理数据，目标数据:begintime[2017-01-01] endtime[2018-01-01]
2019-01-17 16:23:25,308 - INFO - 本次任务需要处理的班级数据有431个，目标数据:begintime[2017-01-01] endtime[2018-01-01]
2019-01-17 16:23:25,308 - INFO - 处理班级-4148数据，目标数据:begintime[2017-01-01] endtime[2018-01-01]
2019-01-17 16:23:25,315 - INFO - 开始处理班级数据，目标数据:classid-4148 begintime-2017-01-01 endtime-2018-01-01
2019-01-17 16:23:25,315 - INFO - 开始初始化数据，目标数据:classid-4148 begintime-2017-01-01 endtime-2018-01-01
2019-01-17 16:23:27,154 - INFO - 初始化数据完成，目标数据:classid-4148 begintime-2017-01-01 endtime-2018-01-01
2019-01-17 16:23:27,154 - INFO - 该班级已被删除或已无用户，处理结束，目标数据:classid-4148 begintime-2017-01-01 endtime-2018-01-01
2019-01-17 16:23:27,154 - INFO - 班级-4148数据处理结束，目标数据:begintime[2017-01-01] endtime[2018-01-01]
2019-01-17 16:23:27,154 - INFO - 处理班级-6463数据，目标数据:begintime[2017-01-01] endtime[2018-01-01]
2019-01-17 16:23:27,161 - INFO - 开始处理班级数据，目标数据:classid-6463 begintime-2017-01-01 endtime-2018-01-01
2019-01-17 16:23:27,163 - INFO - 开始初始化数据，目标数据:classid-6463 begintime-2017-01-01 endtime-2018-01-01
2019-01-17 16:23:28,132 - INFO - 初始化数据完成，目标数据:classid-6463 begintime-2017-01-01 endtime-2018-01-01
2019-01-17 16:23:28,132 - INFO - 该班级已被删除或已无用户，处理结束，目标数据:classid-6463 begintime-2017-01-01 endtime-2018-01-01
2019-01-17 16:23:28,132 - INFO - 班级-6463数据处理结束，目标数据:begintime[2017-01-01] endtime[2018-01-01]
2019-01-17 16:23:28,132 - INFO - 处理班级-6697数据，目标数据:begintime[2017-01-01] endtime[2018-01-01]
2019-01-17 16:23:28,140 - INFO - 开始处理班级数据，目标数据:classid-6697 begintime-2017-01-01 endtime-2018-01-01
2019-01-17 16:23:28,140 - INFO - 开始初始化数据，目标数据:classid-6697 begintime-2017-01-01 endtime-2018-01-01
2019-01-17 16:23:29,220 - INFO - 初始化数据完成，目标数据:classid-6697 begintime-2017-01-01 endtime-2018-01-01
2019-01-17 16:23:29,220 - INFO - 该班级已被删除或已无用户，处理结束，目标数据:classid-6697 begintime-2017-01-01 endtime-2018-01-01
2019-01-17 16:23:29,220 - INFO - 班级-6697数据处理结束，目标数据:begintime[2017-01-01] endtime[2018-01-01]
2019-01-17 16:23:29,220 - INFO - 处理班级-6712数据，目标数据:begintime[2017-01-01] endtime[2018-01-01]
2019-01-17 16:23:29,230 - INFO - 开始处理班级数据，目标数据:classid-6712 begintime-2017-01-01 endtime-2018-01-01
2019-01-17 16:23:29,230 - INFO - 开始初始化数据，目标数据:classid-6712 begintime-2017-01-01 endtime-2018-01-01
2019-01-17 16:23:30,148 - INFO - 初始化数据完成，目标数据:classid-6712 begintime-2017-01-01 endtime-2018-01-01
2019-01-17 16:23:30,148 - INFO - 该班级已被删除或已无用户，处理结束，目标数据:classid-6712 begintime-2017-01-01 endtime-2018-01-01
2019-01-17 16:23:30,148 - INFO - 班级-6712数据处理结束，目标数据:begintime[2017-01-01] endtime[2018-01-01]
2019-01-17 16:23:30,148 - INFO - 处理班级-6719数据，目标数据:begintime[2017-01-01] endtime[2018-01-01]
2019-01-17 16:23:30,153 - INFO - 开始处理班级数据，目标数据:classid-6719 begintime-2017-01-01 endtime-2018-01-01
2019-01-17 16:23:30,154 - INFO - 开始初始化数据，目标数据:classid-6719 begintime-2017-01-01 endtime-2018-01-01
2019-01-17 16:23:31,155 - INFO - 初始化数据完成，目标数据:classid-6719 begintime-2017-01-01 endtime-2018-01-01
2019-01-17 16:23:31,155 - INFO - 该班级已被删除或已无用户，处理结束，目标数据:classid-6719 begintime-2017-01-01 endtime-2018-01-01
2019-01-17 16:23:31,155 - INFO - 班级-6719数据处理结束，目标数据:begintime[2017-01-01] endtime[2018-01-01]
2019-01-17 16:23:31,157 - INFO - 处理班级-6720数据，目标数据:begintime[2017-01-01] endtime[2018-01-01]
2019-01-17 16:23:31,164 - INFO - 开始处理班级数据，目标数据:classid-6720 begintime-2017-01-01 endtime-2018-01-01
2019-01-17 16:23:31,164 - INFO - 开始初始化数据，目标数据:classid-6720 begintime-2017-01-01 endtime-2018-01-01
2019-01-17 16:23:32,351 - INFO - 初始化数据完成，目标数据:classid-6720 begintime-2017-01-01 endtime-2018-01-01
2019-01-17 16:23:32,352 - INFO - 该班级已被删除或已无用户，处理结束，目标数据:classid-6720 begintime-2017-01-01 endtime-2018-01-01
2019-01-17 16:23:32,352 - INFO - 班级-6720数据处理结束，目标数据:begintime[2017-01-01] endtime[2018-01-01]
2019-01-17 16:23:32,352 - INFO - 处理班级-6721数据，目标数据:begintime[2017-01-01] endtime[2018-01-01]
2019-01-17 16:23:32,358 - INFO - 开始处理班级数据，目标数据:classid-6721 begintime-2017-01-01 endtime-2018-01-01
2019-01-17 16:23:32,358 - INFO - 开始初始化数据，目标数据:classid-6721 begintime-2017-01-01 endtime-2018-01-01
2019-01-17 16:23:33,361 - INFO - 初始化数据完成，目标数据:classid-6721 begintime-2017-01-01 endtime-2018-01-01
2019-01-17 16:23:33,361 - INFO - 该班级已被删除或已无用户，处理结束，目标数据:classid-6721 begintime-2017-01-01 endtime-2018-01-01
2019-01-17 16:23:33,361 - INFO - 班级-6721数据处理结束，目标数据:begintime[2017-01-01] endtime[2018-01-01]
2019-01-17 16:23:33,361 - INFO - 处理班级-6770数据，目标数据:begintime[2017-01-01] endtime[2018-01-01]
2019-01-17 16:23:33,368 - INFO - 开始处理班级数据，目标数据:classid-6770 begintime-2017-01-01 endtime-2018-01-01
2019-01-17 16:23:33,368 - INFO - 开始初始化数据，目标数据:classid-6770 begintime-2017-01-01 endtime-2018-01-01
2019-01-17 16:23:34,308 - INFO - 初始化数据完成，目标数据:classid-6770 begintime-2017-01-01 endtime-2018-01-01
2019-01-17 16:23:34,309 - INFO - 该班级已被删除或已无用户，处理结束，目标数据:classid-6770 begintime-2017-01-01 endtime-2018-01-01
2019-01-17 16:23:34,309 - INFO - 班级-6770数据处理结束，目标数据:begintime[2017-01-01] endtime[2018-01-01]
2019-01-17 16:23:34,309 - INFO - 处理班级-6788数据，目标数据:begintime[2017-01-01] endtime[2018-01-01]
2019-01-17 16:23:34,315 - INFO - 开始处理班级数据，目标数据:classid-6788 begintime-2017-01-01 endtime-2018-01-01
2019-01-17 16:23:34,315 - INFO - 开始初始化数据，目标数据:classid-6788 begintime-2017-01-01 endtime-2018-01-01
2019-01-17 16:23:35,325 - INFO - 初始化数据完成，目标数据:classid-6788 begintime-2017-01-01 endtime-2018-01-01
2019-01-17 16:23:35,325 - INFO - 该班级已被删除或已无用户，处理结束，目标数据:classid-6788 begintime-2017-01-01 endtime-2018-01-01
2019-01-17 16:23:35,325 - INFO - 班级-6788数据处理结束，目标数据:begintime[2017-01-01] endtime[2018-01-01]
2019-01-17 16:23:35,325 - INFO - 处理班级-6804数据，目标数据:begintime[2017-01-01] endtime[2018-01-01]
2019-01-17 16:23:35,332 - INFO - 开始处理班级数据，目标数据:classid-6804 begintime-2017-01-01 endtime-2018-01-01
2019-01-17 16:23:35,334 - INFO - 开始初始化数据，目标数据:classid-6804 begintime-2017-01-01 endtime-2018-01-01
2019-01-17 16:23:36,299 - INFO - 初始化数据完成，目标数据:classid-6804 begintime-2017-01-01 endtime-2018-01-01
2019-01-17 16:23:41,102 - INFO - 该班级下有235条（24页）数据需要处理，目标数据:classid-6804 begintime-2017-01-01 endtime-2018-01-01
2019-01-17 16:23:42,973 - INFO - 开始处理第1页数据，目标数据:classid-6804 begintime-2017-01-01 endtime-2018-01-01
2019-01-17 16:30:58,588 - INFO - 第1页数据处理完毕，目标数据:classid-6804 begintime-2017-01-01 endtime-2018-01-01
2019-01-17 16:31:24,789 - INFO - 开始处理第2页数据，目标数据:classid-6804 begintime-2017-01-01 endtime-2018-01-01
2019-01-17 16:31:35,805 - INFO - 第2页数据处理完毕，目标数据:classid-6804 begintime-2017-01-01 endtime-2018-01-01
2019-01-17 16:31:41,028 - INFO - 开始处理第3页数据，目标数据:classid-6804 begintime-2017-01-01 endtime-2018-01-01
2019-01-17 16:31:41,305 - INFO - 第3页数据处理完毕，目标数据:classid-6804 begintime-2017-01-01 endtime-2018-01-01
2019-01-17 16:31:41,305 - INFO - 开始处理第4页数据，目标数据:classid-6804 begintime-2017-01-01 endtime-2018-01-01
2019-01-17 16:31:41,615 - INFO - 第4页数据处理完毕，目标数据:classid-6804 begintime-2017-01-01 endtime-2018-01-01
2019-01-17 16:31:41,615 - INFO - 开始处理第5页数据，目标数据:classid-6804 begintime-2017-01-01 endtime-2018-01-01
2019-01-17 16:31:41,871 - INFO - 第5页数据处理完毕，目标数据:classid-6804 begintime-2017-01-01 endtime-2018-01-01
2019-01-17 16:31:41,871 - INFO - 开始处理第6页数据，目标数据:classid-6804 begintime-2017-01-01 endtime-2018-01-01
2019-01-17 16:31:42,121 - INFO - 第6页数据处理完毕，目标数据:classid-6804 begintime-2017-01-01 endtime-2018-01-01
2019-01-17 16:31:42,121 - INFO - 开始处理第7页数据，目标数据:classid-6804 begintime-2017-01-01 endtime-2018-01-01
2019-01-17 16:31:42,400 - INFO - 第7页数据处理完毕，目标数据:classid-6804 begintime-2017-01-01 endtime-2018-01-01
2019-01-17 16:31:42,400 - INFO - 开始处理第8页数据，目标数据:classid-6804 begintime-2017-01-01 endtime-2018-01-01
2019-01-17 16:31:42,653 - INFO - 第8页数据处理完毕，目标数据:classid-6804 begintime-2017-01-01 endtime-2018-01-01
2019-01-17 16:31:42,653 - INFO - 开始处理第9页数据，目标数据:classid-6804 begintime-2017-01-01 endtime-2018-01-01
2019-01-17 16:31:42,894 - INFO - 第9页数据处理完毕，目标数据:classid-6804 begintime-2017-01-01 endtime-2018-01-01
2019-01-17 16:31:42,894 - INFO - 开始处理第10页数据，目标数据:classid-6804 begintime-2017-01-01 endtime-2018-01-01
2019-01-17 16:31:43,144 - INFO - 第10页数据处理完毕，目标数据:classid-6804 begintime-2017-01-01 endtime-2018-01-01
2019-01-17 16:31:43,145 - INFO - 开始处理第11页数据，目标数据:classid-6804 begintime-2017-01-01 endtime-2018-01-01
2019-01-17 16:31:43,403 - INFO - 第11页数据处理完毕，目标数据:classid-6804 begintime-2017-01-01 endtime-2018-01-01
2019-01-17 16:31:43,403 - INFO - 开始处理第12页数据，目标数据:classid-6804 begintime-2017-01-01 endtime-2018-01-01
2019-01-17 16:31:43,668 - INFO - 第12页数据处理完毕，目标数据:classid-6804 begintime-2017-01-01 endtime-2018-01-01
2019-01-17 16:31:43,668 - INFO - 开始处理第13页数据，目标数据:classid-6804 begintime-2017-01-01 endtime-2018-01-01
2019-01-17 16:31:43,927 - INFO - 第13页数据处理完毕，目标数据:classid-6804 begintime-2017-01-01 endtime-2018-01-01
2019-01-17 16:31:43,927 - INFO - 开始处理第14页数据，目标数据:classid-6804 begintime-2017-01-01 endtime-2018-01-01
2019-01-17 16:31:44,180 - INFO - 第14页数据处理完毕，目标数据:classid-6804 begintime-2017-01-01 endtime-2018-01-01
2019-01-17 16:31:44,180 - INFO - 开始处理第15页数据，目标数据:classid-6804 begintime-2017-01-01 endtime-2018-01-01
2019-01-17 16:31:44,424 - INFO - 第15页数据处理完毕，目标数据:classid-6804 begintime-2017-01-01 endtime-2018-01-01
2019-01-17 16:31:44,424 - INFO - 开始处理第16页数据，目标数据:classid-6804 begintime-2017-01-01 endtime-2018-01-01
2019-01-17 16:31:44,673 - INFO - 第16页数据处理完毕，目标数据:classid-6804 begintime-2017-01-01 endtime-2018-01-01
2019-01-17 16:31:44,673 - INFO - 开始处理第17页数据，目标数据:classid-6804 begintime-2017-01-01 endtime-2018-01-01
2019-01-17 16:31:44,951 - INFO - 第17页数据处理完毕，目标数据:classid-6804 begintime-2017-01-01 endtime-2018-01-01
2019-01-17 16:31:44,951 - INFO - 开始处理第18页数据，目标数据:classid-6804 begintime-2017-01-01 endtime-2018-01-01
2019-01-17 16:31:45,210 - INFO - 第18页数据处理完毕，目标数据:classid-6804 begintime-2017-01-01 endtime-2018-01-01
2019-01-17 16:31:45,210 - INFO - 开始处理第19页数据，目标数据:classid-6804 begintime-2017-01-01 endtime-2018-01-01
2019-01-17 16:31:45,471 - INFO - 第19页数据处理完毕，目标数据:classid-6804 begintime-2017-01-01 endtime-2018-01-01
2019-01-17 16:31:45,473 - INFO - 开始处理第20页数据，目标数据:classid-6804 begintime-2017-01-01 endtime-2018-01-01
2019-01-17 16:31:45,732 - INFO - 第20页数据处理完毕，目标数据:classid-6804 begintime-2017-01-01 endtime-2018-01-01
2019-01-17 16:31:45,732 - INFO - 开始处理第21页数据，目标数据:classid-6804 begintime-2017-01-01 endtime-2018-01-01
2019-01-17 16:31:46,013 - INFO - 第21页数据处理完毕，目标数据:classid-6804 begintime-2017-01-01 endtime-2018-01-01
2019-01-17 16:31:46,013 - INFO - 开始处理第22页数据，目标数据:classid-6804 begintime-2017-01-01 endtime-2018-01-01
2019-01-17 16:31:46,209 - INFO - 第22页数据处理完毕，目标数据:classid-6804 begintime-2017-01-01 endtime-2018-01-01
2019-01-17 16:31:46,210 - INFO - 开始处理第23页数据，目标数据:classid-6804 begintime-2017-01-01 endtime-2018-01-01
2019-01-17 16:31:46,397 - INFO - 第23页数据处理完毕，目标数据:classid-6804 begintime-2017-01-01 endtime-2018-01-01
2019-01-17 16:31:46,397 - INFO - 开始处理第24页数据，目标数据:classid-6804 begintime-2017-01-01 endtime-2018-01-01
2019-01-17 16:31:46,591 - INFO - 第24页数据处理完毕，目标数据:classid-6804 begintime-2017-01-01 endtime-2018-01-01
2019-01-17 16:31:46,591 - INFO - 班级数据处理完毕，需处理共享资源数目：235,实际入库共享资源数目：235,存在异常共享资源数目：0,入库用户资源数目：10907，目标数据:classid-6804 begintime-2017-01-01 endtime-2018-01-01
2019-01-17 16:31:46,591 - INFO - complete time cost 00:08:11
2019-01-17 16:31:46,591 - INFO - 班级-6804数据处理结束，目标数据:begintime[2017-01-01] endtime[2018-01-01]
2019-01-17 16:31:46,592 - INFO - 处理班级-6805数据，目标数据:begintime[2017-01-01] endtime[2018-01-01]
2019-01-17 16:31:46,596 - INFO - 开始处理班级数据，目标数据:classid-6805 begintime-2017-01-01 endtime-2018-01-01
2019-01-17 16:31:46,596 - INFO - 开始初始化数据，目标数据:classid-6805 begintime-2017-01-01 endtime-2018-01-01
2019-01-17 16:31:48,213 - INFO - 初始化数据完成，目标数据:classid-6805 begintime-2017-01-01 endtime-2018-01-01
2019-01-17 16:31:48,213 - INFO - 该班级下有52条（6页）数据需要处理，目标数据:classid-6805 begintime-2017-01-01 endtime-2018-01-01
2019-01-17 16:31:48,213 - INFO - 开始处理第1页数据，目标数据:classid-6805 begintime-2017-01-01 endtime-2018-01-01
2019-01-17 16:31:48,483 - INFO - 第1页数据处理完毕，目标数据:classid-6805 begintime-2017-01-01 endtime-2018-01-01
2019-01-17 16:31:48,483 - INFO - 开始处理第2页数据，目标数据:classid-6805 begintime-2017-01-01 endtime-2018-01-01
2019-01-17 16:31:48,752 - INFO - 第2页数据处理完毕，目标数据:classid-6805 begintime-2017-01-01 endtime-2018-01-01
2019-01-17 16:31:48,752 - INFO - 开始处理第3页数据，目标数据:classid-6805 begintime-2017-01-01 endtime-2018-01-01
2019-01-17 16:31:49,043 - INFO - 第3页数据处理完毕，目标数据:classid-6805 begintime-2017-01-01 endtime-2018-01-01
2019-01-17 16:31:49,043 - INFO - 开始处理第4页数据，目标数据:classid-6805 begintime-2017-01-01 endtime-2018-01-01
2019-01-17 16:31:49,298 - INFO - 第4页数据处理完毕，目标数据:classid-6805 begintime-2017-01-01 endtime-2018-01-01
2019-01-17 16:31:49,298 - INFO - 开始处理第5页数据，目标数据:classid-6805 begintime-2017-01-01 endtime-2018-01-01
2019-01-17 16:31:49,607 - INFO - 第5页数据处理完毕，目标数据:classid-6805 begintime-2017-01-01 endtime-2018-01-01
2019-01-17 16:31:49,607 - INFO - 开始处理第6页数据，目标数据:classid-6805 begintime-2017-01-01 endtime-2018-01-01
2019-01-17 16:31:49,788 - INFO - 第6页数据处理完毕，目标数据:classid-6805 begintime-2017-01-01 endtime-2018-01-01
2019-01-17 16:31:49,788 - INFO - 班级数据处理完毕，需处理共享资源数目：52,实际入库共享资源数目：52,存在异常共享资源数目：0,入库用户资源数目：3224，目标数据:classid-6805 begintime-2017-01-01 endtime-2018-01-01
2019-01-17 16:31:49,788 - INFO - complete time cost 00:00:03
2019-01-17 16:31:49,788 - INFO - 班级-6805数据处理结束，目标数据:begintime[2017-01-01] endtime[2018-01-01]
2019-01-17 16:31:49,788 - INFO - 处理班级-6861数据，目标数据:begintime[2017-01-01] endtime[2018-01-01]
2019-01-17 16:31:49,792 - INFO - 开始处理班级数据，目标数据:classid-6861 begintime-2017-01-01 endtime-2018-01-01
2019-01-17 16:31:49,793 - INFO - 开始初始化数据，目标数据:classid-6861 begintime-2017-01-01 endtime-2018-01-01
2019-01-17 16:31:52,184 - INFO - 初始化数据完成，目标数据:classid-6861 begintime-2017-01-01 endtime-2018-01-01
2019-01-17 16:31:52,184 - INFO - 该班级已被删除或已无用户，处理结束，目标数据:classid-6861 begintime-2017-01-01 endtime-2018-01-01
2019-01-17 16:31:52,184 - INFO - 班级-6861数据处理结束，目标数据:begintime[2017-01-01] endtime[2018-01-01]
2019-01-17 16:31:52,184 - INFO - 处理班级-6863数据，目标数据:begintime[2017-01-01] endtime[2018-01-01]
2019-01-17 16:31:52,190 - INFO - 开始处理班级数据，目标数据:classid-6863 begintime-2017-01-01 endtime-2018-01-01
2019-01-17 16:31:52,191 - INFO - 开始初始化数据，目标数据:classid-6863 begintime-2017-01-01 endtime-2018-01-01
2019-01-17 16:31:53,114 - INFO - 初始化数据完成，目标数据:classid-6863 begintime-2017-01-01 endtime-2018-01-01
2019-01-17 16:31:53,115 - INFO - 该班级已被删除或已无用户，处理结束，目标数据:classid-6863 begintime-2017-01-01 endtime-2018-01-01
2019-01-17 16:31:53,115 - INFO - 班级-6863数据处理结束，目标数据:begintime[2017-01-01] endtime[2018-01-01]
2019-01-17 16:31:53,115 - INFO - 处理班级-6864数据，目标数据:begintime[2017-01-01] endtime[2018-01-01]
2019-01-17 16:31:53,121 - INFO - 开始处理班级数据，目标数据:classid-6864 begintime-2017-01-01 endtime-2018-01-01
2019-01-17 16:31:53,121 - INFO - 开始初始化数据，目标数据:classid-6864 begintime-2017-01-01 endtime-2018-01-01
2019-01-17 16:31:54,335 - INFO - 初始化数据完成，目标数据:classid-6864 begintime-2017-01-01 endtime-2018-01-01
2019-01-17 16:31:54,335 - INFO - 该班级已被删除或已无用户，处理结束，目标数据:classid-6864 begintime-2017-01-01 endtime-2018-01-01
2019-01-17 16:31:54,335 - INFO - 班级-6864数据处理结束，目标数据:begintime[2017-01-01] endtime[2018-01-01]
2019-01-17 16:31:54,335 - INFO - 处理班级-6948数据，目标数据:begintime[2017-01-01] endtime[2018-01-01]
2019-01-17 16:31:54,341 - INFO - 开始处理班级数据，目标数据:classid-6948 begintime-2017-01-01 endtime-2018-01-01
2019-01-17 16:31:54,341 - INFO - 开始初始化数据，目标数据:classid-6948 begintime-2017-01-01 endtime-2018-01-01
2019-01-17 16:31:55,292 - INFO - 初始化数据完成，目标数据:classid-6948 begintime-2017-01-01 endtime-2018-01-01
2019-01-17 16:31:55,292 - INFO - 该班级下有9条（1页）数据需要处理，目标数据:classid-6948 begintime-2017-01-01 endtime-2018-01-01
2019-01-17 16:31:55,292 - INFO - 开始处理第1页数据，目标数据:classid-6948 begintime-2017-01-01 endtime-2018-01-01
2019-01-17 16:31:55,601 - INFO - 第1页数据处理完毕，目标数据:classid-6948 begintime-2017-01-01 endtime-2018-01-01
2019-01-17 16:31:55,601 - INFO - 班级数据处理完毕，需处理共享资源数目：9,实际入库共享资源数目：9,存在异常共享资源数目：0,入库用户资源数目：567，目标数据:classid-6948 begintime-2017-01-01 endtime-2018-01-01
2019-01-17 16:31:55,601 - INFO - complete time cost 00:00:01
2019-01-17 16:31:55,601 - INFO - 班级-6948数据处理结束，目标数据:begintime[2017-01-01] endtime[2018-01-01]
2019-01-17 16:31:55,601 - INFO - 处理班级-6961数据，目标数据:begintime[2017-01-01] endtime[2018-01-01]
2019-01-17 16:31:55,608 - INFO - 开始处理班级数据，目标数据:classid-6961 begintime-2017-01-01 endtime-2018-01-01
2019-01-17 16:31:55,608 - INFO - 开始初始化数据，目标数据:classid-6961 begintime-2017-01-01 endtime-2018-01-01
2019-01-17 16:31:56,680 - INFO - 初始化数据完成，目标数据:classid-6961 begintime-2017-01-01 endtime-2018-01-01
2019-01-17 16:31:56,680 - INFO - 该班级下有211条（22页）数据需要处理，目标数据:classid-6961 begintime-2017-01-01 endtime-2018-01-01
2019-01-17 16:31:56,680 - INFO - 开始处理第1页数据，目标数据:classid-6961 begintime-2017-01-01 endtime-2018-01-01
2019-01-17 16:31:56,970 - INFO - 第1页数据处理完毕，目标数据:classid-6961 begintime-2017-01-01 endtime-2018-01-01
2019-01-17 16:31:56,970 - INFO - 开始处理第2页数据，目标数据:classid-6961 begintime-2017-01-01 endtime-2018-01-01
2019-01-17 16:31:57,263 - INFO - 第2页数据处理完毕，目标数据:classid-6961 begintime-2017-01-01 endtime-2018-01-01
2019-01-17 16:31:57,263 - INFO - 开始处理第3页数据，目标数据:classid-6961 begintime-2017-01-01 endtime-2018-01-01
2019-01-17 16:31:57,526 - INFO - 第3页数据处理完毕，目标数据:classid-6961 begintime-2017-01-01 endtime-2018-01-01
2019-01-17 16:31:57,526 - INFO - 开始处理第4页数据，目标数据:classid-6961 begintime-2017-01-01 endtime-2018-01-01
2019-01-17 16:31:57,775 - INFO - 第4页数据处理完毕，目标数据:classid-6961 begintime-2017-01-01 endtime-2018-01-01
2019-01-17 16:31:57,775 - INFO - 开始处理第5页数据，目标数据:classid-6961 begintime-2017-01-01 endtime-2018-01-01
2019-01-17 16:31:58,026 - INFO - 第5页数据处理完毕，目标数据:classid-6961 begintime-2017-01-01 endtime-2018-01-01
2019-01-17 16:31:58,026 - INFO - 开始处理第6页数据，目标数据:classid-6961 begintime-2017-01-01 endtime-2018-01-01
2019-01-17 16:31:58,263 - INFO - 第6页数据处理完毕，目标数据:classid-6961 begintime-2017-01-01 endtime-2018-01-01
2019-01-17 16:31:58,263 - INFO - 开始处理第7页数据，目标数据:classid-6961 begintime-2017-01-01 endtime-2018-01-01
2019-01-17 16:31:58,457 - INFO - 第7页数据处理完毕，目标数据:classid-6961 begintime-2017-01-01 endtime-2018-01-01
2019-01-17 16:31:58,457 - INFO - 开始处理第8页数据，目标数据:classid-6961 begintime-2017-01-01 endtime-2018-01-01
2019-01-17 16:31:58,645 - INFO - 第8页数据处理完毕，目标数据:classid-6961 begintime-2017-01-01 endtime-2018-01-01
2019-01-17 16:31:58,645 - INFO - 开始处理第9页数据，目标数据:classid-6961 begintime-2017-01-01 endtime-2018-01-01
2019-01-17 16:31:58,865 - INFO - 第9页数据处理完毕，目标数据:classid-6961 begintime-2017-01-01 endtime-2018-01-01
2019-01-17 16:31:58,865 - INFO - 开始处理第10页数据，目标数据:classid-6961 begintime-2017-01-01 endtime-2018-01-01
2019-01-17 16:31:59,102 - INFO - 第10页数据处理完毕，目标数据:classid-6961 begintime-2017-01-01 endtime-2018-01-01
2019-01-17 16:31:59,102 - INFO - 开始处理第11页数据，目标数据:classid-6961 begintime-2017-01-01 endtime-2018-01-01
2019-01-17 16:31:59,345 - INFO - 第11页数据处理完毕，目标数据:classid-6961 begintime-2017-01-01 endtime-2018-01-01
2019-01-17 16:31:59,346 - INFO - 开始处理第12页数据，目标数据:classid-6961 begintime-2017-01-01 endtime-2018-01-01
2019-01-17 16:31:59,592 - INFO - 第12页数据处理完毕，目标数据:classid-6961 begintime-2017-01-01 endtime-2018-01-01
2019-01-17 16:31:59,592 - INFO - 开始处理第13页数据，目标数据:classid-6961 begintime-2017-01-01 endtime-2018-01-01
2019-01-17 16:31:59,821 - INFO - 第13页数据处理完毕，目标数据:classid-6961 begintime-2017-01-01 endtime-2018-01-01
2019-01-17 16:31:59,821 - INFO - 开始处理第14页数据，目标数据:classid-6961 begintime-2017-01-01 endtime-2018-01-01
2019-01-17 16:32:00,052 - INFO - 第14页数据处理完毕，目标数据:classid-6961 begintime-2017-01-01 endtime-2018-01-01
2019-01-17 16:32:00,052 - INFO - 开始处理第15页数据，目标数据:classid-6961 begintime-2017-01-01 endtime-2018-01-01
2019-01-17 16:32:00,285 - INFO - 第15页数据处理完毕，目标数据:classid-6961 begintime-2017-01-01 endtime-2018-01-01
2019-01-17 16:32:00,286 - INFO - 开始处理第16页数据，目标数据:classid-6961 begintime-2017-01-01 endtime-2018-01-01
2019-01-17 16:32:00,874 - INFO - 第16页数据处理完毕，目标数据:classid-6961 begintime-2017-01-01 endtime-2018-01-01
2019-01-17 16:32:00,874 - INFO - 开始处理第17页数据，目标数据:classid-6961 begintime-2017-01-01 endtime-2018-01-01
2019-01-17 16:32:01,479 - INFO - 第17页数据处理完毕，目标数据:classid-6961 begintime-2017-01-01 endtime-2018-01-01
2019-01-17 16:32:01,479 - INFO - 开始处理第18页数据，目标数据:classid-6961 begintime-2017-01-01 endtime-2018-01-01
2019-01-17 16:32:01,693 - INFO - 第18页数据处理完毕，目标数据:classid-6961 begintime-2017-01-01 endtime-2018-01-01
2019-01-17 16:32:01,693 - INFO - 开始处理第19页数据，目标数据:classid-6961 begintime-2017-01-01 endtime-2018-01-01
2019-01-17 16:32:01,920 - INFO - 第19页数据处理完毕，目标数据:classid-6961 begintime-2017-01-01 endtime-2018-01-01
2019-01-17 16:32:01,921 - INFO - 开始处理第20页数据，目标数据:classid-6961 begintime-2017-01-01 endtime-2018-01-01
2019-01-17 16:32:02,150 - INFO - 第20页数据处理完毕，目标数据:classid-6961 begintime-2017-01-01 endtime-2018-01-01
2019-01-17 16:32:02,150 - INFO - 开始处理第21页数据，目标数据:classid-6961 begintime-2017-01-01 endtime-2018-01-01
2019-01-17 16:32:02,357 - INFO - 第21页数据处理完毕，目标数据:classid-6961 begintime-2017-01-01 endtime-2018-01-01
2019-01-17 16:32:02,357 - INFO - 开始处理第22页数据，目标数据:classid-6961 begintime-2017-01-01 endtime-2018-01-01
2019-01-17 16:32:02,513 - INFO - 第22页数据处理完毕，目标数据:classid-6961 begintime-2017-01-01 endtime-2018-01-01
2019-01-17 16:32:02,944 - INFO - 班级数据处理完毕，需处理共享资源数目：211,实际入库共享资源数目：210,存在异常共享资源数目：3,入库用户资源数目：6309，目标数据:classid-6961 begintime-2017-01-01 endtime-2018-01-01
2019-01-17 16:32:02,944 - INFO - complete time cost 00:00:07
2019-01-17 16:32:02,944 - INFO - 班级-6961数据处理结束，目标数据:begintime[2017-01-01] endtime[2018-01-01]
2019-01-17 16:32:02,944 - INFO - 处理班级-6963数据，目标数据:begintime[2017-01-01] endtime[2018-01-01]
2019-01-17 16:32:02,950 - INFO - 开始处理班级数据，目标数据:classid-6963 begintime-2017-01-01 endtime-2018-01-01
2019-01-17 16:32:02,950 - INFO - 开始初始化数据，目标数据:classid-6963 begintime-2017-01-01 endtime-2018-01-01
2019-01-17 16:32:03,855 - INFO - 初始化数据完成，目标数据:classid-6963 begintime-2017-01-01 endtime-2018-01-01
2019-01-17 16:32:03,855 - INFO - 该班级已被删除或已无用户，处理结束，目标数据:classid-6963 begintime-2017-01-01 endtime-2018-01-01
2019-01-17 16:32:03,855 - INFO - 班级-6963数据处理结束，目标数据:begintime[2017-01-01] endtime[2018-01-01]
2019-01-17 16:32:03,855 - INFO - 处理班级-6996数据，目标数据:begintime[2017-01-01] endtime[2018-01-01]
2019-01-17 16:32:03,862 - INFO - 开始处理班级数据，目标数据:classid-6996 begintime-2017-01-01 endtime-2018-01-01
2019-01-17 16:32:03,864 - INFO - 开始初始化数据，目标数据:classid-6996 begintime-2017-01-01 endtime-2018-01-01
2019-01-17 16:32:04,838 - INFO - 初始化数据完成，目标数据:classid-6996 begintime-2017-01-01 endtime-2018-01-01
2019-01-17 16:32:04,838 - INFO - 该班级已被删除或已无用户，处理结束，目标数据:classid-6996 begintime-2017-01-01 endtime-2018-01-01
2019-01-17 16:32:04,838 - INFO - 班级-6996数据处理结束，目标数据:begintime[2017-01-01] endtime[2018-01-01]
2019-01-17 16:32:04,838 - INFO - 处理班级-7003数据，目标数据:begintime[2017-01-01] endtime[2018-01-01]
2019-01-17 16:32:04,845 - INFO - 开始处理班级数据，目标数据:classid-7003 begintime-2017-01-01 endtime-2018-01-01
2019-01-17 16:32:04,845 - INFO - 开始初始化数据，目标数据:classid-7003 begintime-2017-01-01 endtime-2018-01-01
2019-01-17 16:32:05,750 - INFO - 初始化数据完成，目标数据:classid-7003 begintime-2017-01-01 endtime-2018-01-01
2019-01-17 16:32:05,750 - INFO - 该班级下有131条（14页）数据需要处理，目标数据:classid-7003 begintime-2017-01-01 endtime-2018-01-01
2019-01-17 16:32:05,750 - INFO - 开始处理第1页数据，目标数据:classid-7003 begintime-2017-01-01 endtime-2018-01-01
2019-01-17 16:32:06,009 - INFO - 第1页数据处理完毕，目标数据:classid-7003 begintime-2017-01-01 endtime-2018-01-01
2019-01-17 16:32:06,009 - INFO - 开始处理第2页数据，目标数据:classid-7003 begintime-2017-01-01 endtime-2018-01-01
2019-01-17 16:32:06,260 - INFO - 第2页数据处理完毕，目标数据:classid-7003 begintime-2017-01-01 endtime-2018-01-01
2019-01-17 16:32:06,260 - INFO - 开始处理第3页数据，目标数据:classid-7003 begintime-2017-01-01 endtime-2018-01-01
2019-01-17 16:32:06,509 - INFO - 第3页数据处理完毕，目标数据:classid-7003 begintime-2017-01-01 endtime-2018-01-01
2019-01-17 16:32:06,509 - INFO - 开始处理第4页数据，目标数据:classid-7003 begintime-2017-01-01 endtime-2018-01-01
2019-01-17 16:32:06,766 - INFO - 第4页数据处理完毕，目标数据:classid-7003 begintime-2017-01-01 endtime-2018-01-01
2019-01-17 16:32:06,766 - INFO - 开始处理第5页数据，目标数据:classid-7003 begintime-2017-01-01 endtime-2018-01-01
2019-01-17 16:32:07,032 - INFO - 第5页数据处理完毕，目标数据:classid-7003 begintime-2017-01-01 endtime-2018-01-01
2019-01-17 16:32:07,032 - INFO - 开始处理第6页数据，目标数据:classid-7003 begintime-2017-01-01 endtime-2018-01-01
2019-01-17 16:32:07,282 - INFO - 第6页数据处理完毕，目标数据:classid-7003 begintime-2017-01-01 endtime-2018-01-01
2019-01-17 16:32:07,282 - INFO - 开始处理第7页数据，目标数据:classid-7003 begintime-2017-01-01 endtime-2018-01-01
2019-01-17 16:32:07,548 - INFO - 第7页数据处理完毕，目标数据:classid-7003 begintime-2017-01-01 endtime-2018-01-01
2019-01-17 16:32:07,549 - INFO - 开始处理第8页数据，目标数据:classid-7003 begintime-2017-01-01 endtime-2018-01-01
2019-01-17 16:32:07,798 - INFO - 第8页数据处理完毕，目标数据:classid-7003 begintime-2017-01-01 endtime-2018-01-01
2019-01-17 16:32:07,798 - INFO - 开始处理第9页数据，目标数据:classid-7003 begintime-2017-01-01 endtime-2018-01-01
2019-01-17 16:32:08,040 - INFO - 第9页数据处理完毕，目标数据:classid-7003 begintime-2017-01-01 endtime-2018-01-01
2019-01-17 16:32:08,040 - INFO - 开始处理第10页数据，目标数据:classid-7003 begintime-2017-01-01 endtime-2018-01-01
2019-01-17 16:32:08,301 - INFO - 第10页数据处理完毕，目标数据:classid-7003 begintime-2017-01-01 endtime-2018-01-01
2019-01-17 16:32:08,301 - INFO - 开始处理第11页数据，目标数据:classid-7003 begintime-2017-01-01 endtime-2018-01-01
2019-01-17 16:32:08,558 - INFO - 第11页数据处理完毕，目标数据:classid-7003 begintime-2017-01-01 endtime-2018-01-01
2019-01-17 16:32:08,558 - INFO - 开始处理第12页数据，目标数据:classid-7003 begintime-2017-01-01 endtime-2018-01-01
2019-01-17 16:32:08,812 - INFO - 第12页数据处理完毕，目标数据:classid-7003 begintime-2017-01-01 endtime-2018-01-01
2019-01-17 16:32:08,812 - INFO - 开始处理第13页数据，目标数据:classid-7003 begintime-2017-01-01 endtime-2018-01-01
2019-01-17 16:32:09,075 - INFO - 第13页数据处理完毕，目标数据:classid-7003 begintime-2017-01-01 endtime-2018-01-01
2019-01-17 16:32:09,075 - INFO - 开始处理第14页数据，目标数据:classid-7003 begintime-2017-01-01 endtime-2018-01-01
2019-01-17 16:32:09,232 - INFO - 第14页数据处理完毕，目标数据:classid-7003 begintime-2017-01-01 endtime-2018-01-01
